# JRE version: Java(TM) SE Runtime Environment (8.0_161-b12) (build 1.8.0_161-b12)
# Java VM: Java HotSpot(TM) 64-Bit Server VM (25.161-b12 mixed mode windows-amd64 compressed oops)
Heap:
 PSYoungGen      total 76288K, used 57626K [0x000000076b400000, 0x0000000774900000, 0x00000007c0000000)
  eden space 65536K, 87% used [0x000000076b400000,0x000000076ec46be8,0x000000076f400000)
  from space 10752K, 0% used [0x000000076fe80000,0x000000076fe80000,0x0000000770900000)
  to   space 10752K, 0% used [0x000000076f400000,0x000000076f400000,0x000000076fe80000)
 ParOldGen       total 105472K, used 9591K [0x00000006c1c00000, 0x00000006c8300000, 0x000000076b400000)
  object space 105472K, 9% used [0x00000006c1c00000,0x00000006c255dea0,0x00000006c8300000)
 Metaspace       used 31258K, capacity 32652K, committed 32768K, reserved 1077248K
  class space    used 4232K, capacity 4543K, committed 4608K, reserved 1048576K
GC Heap History (6 events):
Event: 3.794 GC heap before
{Heap before GC invocations=1 (full 0):
 PSYoungGen      total 76288K, used 65536K [0x000000076b400000, 0x0000000770900000, 0x00000007c0000000)
  eden space 65536K, 100% used [0x000000076b400000,0x000000076f400000,0x000000076f400000)
  from space 10752K, 0% used [0x000000076fe80000,0x000000076fe80000,0x0000000770900000)
  to   space 10752K, 0% used [0x000000076f400000,0x000000076f400000,0x000000076fe80000)
 ParOldGen       total 175104K, used 0K [0x00000006c1c00000, 0x00000006cc700000, 0x000000076b400000)
  object space 175104K, 0% used [0x00000006c1c00000,0x00000006c1c00000,0x00000006cc700000)
 Metaspace       used 16628K, capacity 16990K, committed 17408K, reserved 1064960K
  class space    used 2070K, capacity 2177K, committed 2304K, reserved 1048576K
Event: 3.804 GC heap after
Heap after GC invocations=1 (full 0):
 PSYoungGen      total 76288K, used 8809K [0x000000076b400000, 0x0000000770900000, 0x00000007c0000000)
  eden space 65536K, 0% used [0x000000076b400000,0x000000076b400000,0x000000076f400000)
  from space 10752K, 81% used [0x000000076f400000,0x000000076fc9a570,0x000000076fe80000)
  to   space 10752K, 0% used [0x000000076fe80000,0x000000076fe80000,0x0000000770900000)
 ParOldGen       total 175104K, used 16K [0x00000006c1c00000, 0x00000006cc700000, 0x000000076b400000)
  object space 175104K, 0% used [0x00000006c1c00000,0x00000006c1c04000,0x00000006cc700000)
 Metaspace       used 16628K, capacity 16990K, committed 17408K, reserved 1064960K
  class space    used 2070K, capacity 2177K, committed 2304K, reserved 1048576K
}
Event: 4.467 GC heap before
{Heap before GC invocations=2 (full 0):
 PSYoungGen      total 76288K, used 42839K [0x000000076b400000, 0x0000000770900000, 0x00000007c0000000)
  eden space 65536K, 51% used [0x000000076b400000,0x000000076d53b708,0x000000076f400000)
  from space 10752K, 81% used [0x000000076f400000,0x000000076fc9a570,0x000000076fe80000)
  to   space 10752K, 0% used [0x000000076fe80000,0x000000076fe80000,0x0000000770900000)
 ParOldGen       total 175104K, used 16K [0x00000006c1c00000, 0x00000006cc700000, 0x000000076b400000)
  object space 175104K, 0% used [0x00000006c1c00000,0x00000006c1c04000,0x00000006cc700000)
 Metaspace       used 20607K, capacity 21050K, committed 21296K, reserved 1069056K
  class space    used 2512K, capacity 2643K, committed 2688K, reserved 1048576K
Event: 4.483 GC heap after
Heap after GC invocations=2 (full 0):
 PSYoungGen      total 76288K, used 9838K [0x000000076b400000, 0x0000000774900000, 0x00000007c0000000)
  eden space 65536K, 0% used [0x000000076b400000,0x000000076b400000,0x000000076f400000)
  from space 10752K, 91% used [0x000000076fe80000,0x000000077081b948,0x0000000770900000)
  to   space 10752K, 0% used [0x000000076f400000,0x000000076f400000,0x000000076fe80000)
 ParOldGen       total 175104K, used 24K [0x00000006c1c00000, 0x00000006cc700000, 0x000000076b400000)
  object space 175104K, 0% used [0x00000006c1c00000,0x00000006c1c06000,0x00000006cc700000)
 Metaspace       used 20607K, capacity 21050K, committed 21296K, reserved 1069056K
  class space    used 2512K, capacity 2643K, committed 2688K, reserved 1048576K
}
Event: 4.483 GC heap before
{Heap before GC invocations=3 (full 1):
 PSYoungGen      total 76288K, used 9838K [0x000000076b400000, 0x0000000774900000, 0x00000007c0000000)
  eden space 65536K, 0% used [0x000000076b400000,0x000000076b400000,0x000000076f400000)
  from space 10752K, 91% used [0x000000076fe80000,0x000000077081b948,0x0000000770900000)
  to   space 10752K, 0% used [0x000000076f400000,0x000000076f400000,0x000000076fe80000)
 ParOldGen       total 175104K, used 24K [0x00000006c1c00000, 0x00000006cc700000, 0x000000076b400000)
  object space 175104K, 0% used [0x00000006c1c00000,0x00000006c1c06000,0x00000006cc700000)
 Metaspace       used 20607K, capacity 21050K, committed 21296K, reserved 1069056K
  class space    used 2512K, capacity 2643K, committed 2688K, reserved 1048576K
Event: 4.529 GC heap after
Heap after GC invocations=3 (full 1):
 PSYoungGen      total 76288K, used 0K [0x000000076b400000, 0x0000000774900000, 0x00000007c0000000)
  eden space 65536K, 0% used [0x000000076b400000,0x000000076b400000,0x000000076f400000)
  from space 10752K, 0% used [0x000000076fe80000,0x000000076fe80000,0x0000000770900000)
  to   space 10752K, 0% used [0x000000076f400000,0x000000076f400000,0x000000076fe80000)
 ParOldGen       total 105472K, used 9591K [0x00000006c1c00000, 0x00000006c8300000, 0x000000076b400000)
  object space 105472K, 9% used [0x00000006c1c00000,0x00000006c255dea0,0x00000006c8300000)
 Metaspace       used 20607K, capacity 21050K, committed 21296K, reserved 1069056K
  class space    used 2512K, capacity 2643K, committed 2688K, reserved 1048576K
}

