# JRE version: Java(TM) SE Runtime Environment (8.0_161-b12) (build 1.8.0_161-b12)
# Java VM: Java HotSpot(TM) 64-Bit Server VM (25.161-b12 mixed mode windows-amd64 compressed oops)
Heap:
 PSYoungGen      total 76288K, used 15865K [0x000000076b400000, 0x0000000772b00000, 0x00000007c0000000)
  eden space 65536K, 14% used [0x000000076b400000,0x000000076bd371b8,0x000000076f400000)
  from space 10752K, 59% used [0x000000076fe80000,0x00000007704c7528,0x0000000770900000)
  to   space 10752K, 0% used [0x000000076f400000,0x000000076f400000,0x000000076fe80000)
 ParOldGen       total 103936K, used 8275K [0x00000006c1c00000, 0x00000006c8180000, 0x000000076b400000)
  object space 103936K, 7% used [0x00000006c1c00000,0x00000006c2414c10,0x00000006c8180000)
 Metaspace       used 31757K, capacity 33064K, committed 33280K, reserved 1077248K
  class space    used 4277K, capacity 4575K, committed 4608K, reserved 1048576K
GC Heap History (10 events):
Event: 1.983 GC heap before
{Heap before GC invocations=1 (full 0):
 PSYoungGen      total 76288K, used 65536K [0x000000076b400000, 0x0000000770900000, 0x00000007c0000000)
  eden space 65536K, 100% used [0x000000076b400000,0x000000076f400000,0x000000076f400000)
  from space 10752K, 0% used [0x000000076fe80000,0x000000076fe80000,0x0000000770900000)
  to   space 10752K, 0% used [0x000000076f400000,0x000000076f400000,0x000000076fe80000)
 ParOldGen       total 175104K, used 0K [0x00000006c1c00000, 0x00000006cc700000, 0x000000076b400000)
  object space 175104K, 0% used [0x00000006c1c00000,0x00000006c1c00000,0x00000006cc700000)
 Metaspace       used 10744K, capacity 11078K, committed 11264K, reserved 1058816K
  class space    used 1321K, capacity 1453K, committed 1536K, reserved 1048576K
Event: 1.990 GC heap after
Heap after GC invocations=1 (full 0):
 PSYoungGen      total 76288K, used 4818K [0x000000076b400000, 0x0000000770900000, 0x00000007c0000000)
  eden space 65536K, 0% used [0x000000076b400000,0x000000076b400000,0x000000076f400000)
  from space 10752K, 44% used [0x000000076f400000,0x000000076f8b4820,0x000000076fe80000)
  to   space 10752K, 0% used [0x000000076fe80000,0x000000076fe80000,0x0000000770900000)
 ParOldGen       total 175104K, used 8K [0x00000006c1c00000, 0x00000006cc700000, 0x000000076b400000)
  object space 175104K, 0% used [0x00000006c1c00000,0x00000006c1c02000,0x00000006cc700000)
 Metaspace       used 10744K, capacity 11078K, committed 11264K, reserved 1058816K
  class space    used 1321K, capacity 1453K, committed 1536K, reserved 1048576K
}
Event: 4.798 GC heap before
{Heap before GC invocations=2 (full 0):
 PSYoungGen      total 76288K, used 70354K [0x000000076b400000, 0x0000000770900000, 0x00000007c0000000)
  eden space 65536K, 100% used [0x000000076b400000,0x000000076f400000,0x000000076f400000)
  from space 10752K, 44% used [0x000000076f400000,0x000000076f8b4820,0x000000076fe80000)
  to   space 10752K, 0% used [0x000000076fe80000,0x000000076fe80000,0x0000000770900000)
 ParOldGen       total 175104K, used 8K [0x00000006c1c00000, 0x00000006cc700000, 0x000000076b400000)
  object space 175104K, 0% used [0x00000006c1c00000,0x00000006c1c02000,0x00000006cc700000)
 Metaspace       used 18852K, capacity 19290K, committed 19712K, reserved 1067008K
  class space    used 2315K, capacity 2443K, committed 2560K, reserved 1048576K
Event: 4.806 GC heap after
Heap after GC invocations=2 (full 0):
 PSYoungGen      total 76288K, used 8745K [0x000000076b400000, 0x0000000770900000, 0x00000007c0000000)
  eden space 65536K, 0% used [0x000000076b400000,0x000000076b400000,0x000000076f400000)
  from space 10752K, 81% used [0x000000076fe80000,0x000000077070a7a0,0x0000000770900000)
  to   space 10752K, 0% used [0x000000076f400000,0x000000076f400000,0x000000076fe80000)
 ParOldGen       total 175104K, used 24K [0x00000006c1c00000, 0x00000006cc700000, 0x000000076b400000)
  object space 175104K, 0% used [0x00000006c1c00000,0x00000006c1c06000,0x00000006cc700000)
 Metaspace       used 18852K, capacity 19290K, committed 19712K, reserved 1067008K
  class space    used 2315K, capacity 2443K, committed 2560K, reserved 1048576K
}
Event: 5.097 GC heap before
{Heap before GC invocations=3 (full 0):
 PSYoungGen      total 76288K, used 33457K [0x000000076b400000, 0x0000000770900000, 0x00000007c0000000)
  eden space 65536K, 37% used [0x000000076b400000,0x000000076cc21f98,0x000000076f400000)
  from space 10752K, 81% used [0x000000076fe80000,0x000000077070a7a0,0x0000000770900000)
  to   space 10752K, 0% used [0x000000076f400000,0x000000076f400000,0x000000076fe80000)
 ParOldGen       total 175104K, used 24K [0x00000006c1c00000, 0x00000006cc700000, 0x000000076b400000)
  object space 175104K, 0% used [0x00000006c1c00000,0x00000006c1c06000,0x00000006cc700000)
 Metaspace       used 20613K, capacity 21018K, committed 21296K, reserved 1069056K
  class space    used 2507K, capacity 2635K, committed 2688K, reserved 1048576K
Event: 5.103 GC heap after
Heap after GC invocations=3 (full 0):
 PSYoungGen      total 76288K, used 8414K [0x000000076b400000, 0x0000000770900000, 0x00000007c0000000)
  eden space 65536K, 0% used [0x000000076b400000,0x000000076b400000,0x000000076f400000)
  from space 10752K, 78% used [0x000000076f400000,0x000000076fc37b10,0x000000076fe80000)
  to   space 10752K, 0% used [0x000000076fe80000,0x000000076fe80000,0x0000000770900000)
 ParOldGen       total 175104K, used 32K [0x00000006c1c00000, 0x00000006cc700000, 0x000000076b400000)
  object space 175104K, 0% used [0x00000006c1c00000,0x00000006c1c08000,0x00000006cc700000)
 Metaspace       used 20613K, capacity 21018K, committed 21296K, reserved 1069056K
  class space    used 2507K, capacity 2635K, committed 2688K, reserved 1048576K
}
Event: 5.103 GC heap before
{Heap before GC invocations=4 (full 1):
 PSYoungGen      total 76288K, used 8414K [0x000000076b400000, 0x0000000770900000, 0x00000007c0000000)
  eden space 65536K, 0% used [0x000000076b400000,0x000000076b400000,0x000000076f400000)
  from space 10752K, 78% used [0x000000076f400000,0x000000076fc37b10,0x000000076fe80000)
  to   space 10752K, 0% used [0x000000076fe80000,0x000000076fe80000,0x0000000770900000)
 ParOldGen       total 175104K, used 32K [0x00000006c1c00000, 0x00000006cc700000, 0x000000076b400000)
  object space 175104K, 0% used [0x00000006c1c00000,0x00000006c1c08000,0x00000006cc700000)
 Metaspace       used 20613K, capacity 21018K, committed 21296K, reserved 1069056K
  class space    used 2507K, capacity 2635K, committed 2688K, reserved 1048576K
Event: 5.141 GC heap after
Heap after GC invocations=4 (full 1):
 PSYoungGen      total 76288K, used 0K [0x000000076b400000, 0x0000000770900000, 0x00000007c0000000)
  eden space 65536K, 0% used [0x000000076b400000,0x000000076b400000,0x000000076f400000)
  from space 10752K, 0% used [0x000000076f400000,0x000000076f400000,0x000000076fe80000)
  to   space 10752K, 0% used [0x000000076fe80000,0x000000076fe80000,0x0000000770900000)
 ParOldGen       total 103936K, used 8203K [0x00000006c1c00000, 0x00000006c8180000, 0x000000076b400000)
  object space 103936K, 7% used [0x00000006c1c00000,0x00000006c2402c00,0x00000006c8180000)
 Metaspace       used 20613K, capacity 21018K, committed 21296K, reserved 1069056K
  class space    used 2507K, capacity 2635K, committed 2688K, reserved 1048576K
}
Event: 6.697 GC heap before
{Heap before GC invocations=5 (full 1):
 PSYoungGen      total 76288K, used 65536K [0x000000076b400000, 0x0000000770900000, 0x00000007c0000000)
  eden space 65536K, 100% used [0x000000076b400000,0x000000076f400000,0x000000076f400000)
  from space 10752K, 0% used [0x000000076f400000,0x000000076f400000,0x000000076fe80000)
  to   space 10752K, 0% used [0x000000076fe80000,0x000000076fe80000,0x0000000770900000)
 ParOldGen       total 103936K, used 8203K [0x00000006c1c00000, 0x00000006c8180000, 0x000000076b400000)
  object space 103936K, 7% used [0x00000006c1c00000,0x00000006c2402c00,0x00000006c8180000)
 Metaspace       used 30527K, capacity 31816K, committed 32128K, reserved 1077248K
  class space    used 4138K, capacity 4401K, committed 4480K, reserved 1048576K
Event: 6.706 GC heap after
Heap after GC invocations=5 (full 1):
 PSYoungGen      total 76288K, used 6429K [0x000000076b400000, 0x0000000772b00000, 0x00000007c0000000)
  eden space 65536K, 0% used [0x000000076b400000,0x000000076b400000,0x000000076f400000)
  from space 10752K, 59% used [0x000000076fe80000,0x00000007704c7528,0x0000000770900000)
  to   space 10752K, 0% used [0x000000076f400000,0x000000076f400000,0x000000076fe80000)
 ParOldGen       total 103936K, used 8275K [0x00000006c1c00000, 0x00000006c8180000, 0x000000076b400000)
  object space 103936K, 7% used [0x00000006c1c00000,0x00000006c2414c10,0x00000006c8180000)
 Metaspace       used 30527K, capacity 31816K, committed 32128K, reserved 1077248K
  class space    used 4138K, capacity 4401K, committed 4480K, reserved 1048576K
}

