# JRE version: Java(TM) SE Runtime Environment (8.0_161-b12) (build 1.8.0_161-b12)
# Java VM: Java HotSpot(TM) 64-Bit Server VM (25.161-b12 mixed mode windows-amd64 compressed oops)
Heap:
 PSYoungGen      total 76288K, used 30123K [0x000000076b400000, 0x0000000772500000, 0x00000007c0000000)
  eden space 65536K, 29% used [0x000000076b400000,0x000000076c6f2e58,0x000000076f400000)
  from space 10752K, 99% used [0x000000076f400000,0x000000076fe77de0,0x000000076fe80000)
  to   space 10752K, 0% used [0x0000000771a80000,0x0000000771a80000,0x0000000772500000)
 ParOldGen       total 105472K, used 9067K [0x00000006c1c00000, 0x00000006c8300000, 0x000000076b400000)
  object space 105472K, 8% used [0x00000006c1c00000,0x00000006c24dad28,0x00000006c8300000)
 Metaspace       used 31184K, capacity 32746K, committed 32944K, reserved 1077248K
  class space    used 4235K, capacity 4524K, committed 4528K, reserved 1048576K
GC Heap History (8 events):
Event: 2.175 GC heap before
{Heap before GC invocations=1 (full 0):
 PSYoungGen      total 76288K, used 65536K [0x000000076b400000, 0x0000000770900000, 0x00000007c0000000)
  eden space 65536K, 100% used [0x000000076b400000,0x000000076f400000,0x000000076f400000)
  from space 10752K, 0% used [0x000000076fe80000,0x000000076fe80000,0x0000000770900000)
  to   space 10752K, 0% used [0x000000076f400000,0x000000076f400000,0x000000076fe80000)
 ParOldGen       total 175104K, used 0K [0x00000006c1c00000, 0x00000006cc700000, 0x000000076b400000)
  object space 175104K, 0% used [0x00000006c1c00000,0x00000006c1c00000,0x00000006cc700000)
 Metaspace       used 16169K, capacity 16598K, committed 16896K, reserved 1064960K
  class space    used 2075K, capacity 2187K, committed 2304K, reserved 1048576K
Event: 2.183 GC heap after
Heap after GC invocations=1 (full 0):
 PSYoungGen      total 76288K, used 9121K [0x000000076b400000, 0x0000000770900000, 0x00000007c0000000)
  eden space 65536K, 0% used [0x000000076b400000,0x000000076b400000,0x000000076f400000)
  from space 10752K, 84% used [0x000000076f400000,0x000000076fce8788,0x000000076fe80000)
  to   space 10752K, 0% used [0x000000076fe80000,0x000000076fe80000,0x0000000770900000)
 ParOldGen       total 175104K, used 16K [0x00000006c1c00000, 0x00000006cc700000, 0x000000076b400000)
  object space 175104K, 0% used [0x00000006c1c00000,0x00000006c1c04000,0x00000006cc700000)
 Metaspace       used 16169K, capacity 16598K, committed 16896K, reserved 1064960K
  class space    used 2075K, capacity 2187K, committed 2304K, reserved 1048576K
}
Event: 2.507 GC heap before
{Heap before GC invocations=2 (full 0):
 PSYoungGen      total 76288K, used 36695K [0x000000076b400000, 0x0000000770900000, 0x00000007c0000000)
  eden space 65536K, 42% used [0x000000076b400000,0x000000076ceed4e0,0x000000076f400000)
  from space 10752K, 84% used [0x000000076f400000,0x000000076fce8788,0x000000076fe80000)
  to   space 10752K, 0% used [0x000000076fe80000,0x000000076fe80000,0x0000000770900000)
 ParOldGen       total 175104K, used 16K [0x00000006c1c00000, 0x00000006cc700000, 0x000000076b400000)
  object space 175104K, 0% used [0x00000006c1c00000,0x00000006c1c04000,0x00000006cc700000)
 Metaspace       used 20822K, capacity 21180K, committed 21296K, reserved 1067008K
  class space    used 2703K, capacity 2835K, committed 2864K, reserved 1048576K
Event: 2.517 GC heap after
Heap after GC invocations=2 (full 0):
 PSYoungGen      total 76288K, used 9305K [0x000000076b400000, 0x0000000774900000, 0x00000007c0000000)
  eden space 65536K, 0% used [0x000000076b400000,0x000000076b400000,0x000000076f400000)
  from space 10752K, 86% used [0x000000076fe80000,0x0000000770796708,0x0000000770900000)
  to   space 10752K, 0% used [0x000000076f400000,0x000000076f400000,0x000000076fe80000)
 ParOldGen       total 175104K, used 88K [0x00000006c1c00000, 0x00000006cc700000, 0x000000076b400000)
  object space 175104K, 0% used [0x00000006c1c00000,0x00000006c1c16010,0x00000006cc700000)
 Metaspace       used 20822K, capacity 21180K, committed 21296K, reserved 1067008K
  class space    used 2703K, capacity 2835K, committed 2864K, reserved 1048576K
}
Event: 2.517 GC heap before
{Heap before GC invocations=3 (full 1):
 PSYoungGen      total 76288K, used 9305K [0x000000076b400000, 0x0000000774900000, 0x00000007c0000000)
  eden space 65536K, 0% used [0x000000076b400000,0x000000076b400000,0x000000076f400000)
  from space 10752K, 86% used [0x000000076fe80000,0x0000000770796708,0x0000000770900000)
  to   space 10752K, 0% used [0x000000076f400000,0x000000076f400000,0x000000076fe80000)
 ParOldGen       total 175104K, used 88K [0x00000006c1c00000, 0x00000006cc700000, 0x000000076b400000)
  object space 175104K, 0% used [0x00000006c1c00000,0x00000006c1c16010,0x00000006cc700000)
 Metaspace       used 20822K, capacity 21180K, committed 21296K, reserved 1067008K
  class space    used 2703K, capacity 2835K, committed 2864K, reserved 1048576K
Event: 2.553 GC heap after
Heap after GC invocations=3 (full 1):
 PSYoungGen      total 76288K, used 0K [0x000000076b400000, 0x0000000774900000, 0x00000007c0000000)
  eden space 65536K, 0% used [0x000000076b400000,0x000000076b400000,0x000000076f400000)
  from space 10752K, 0% used [0x000000076fe80000,0x000000076fe80000,0x0000000770900000)
  to   space 10752K, 0% used [0x000000076f400000,0x000000076f400000,0x000000076fe80000)
 ParOldGen       total 105472K, used 9059K [0x00000006c1c00000, 0x00000006c8300000, 0x000000076b400000)
  object space 105472K, 8% used [0x00000006c1c00000,0x00000006c24d8d28,0x00000006c8300000)
 Metaspace       used 20822K, capacity 21180K, committed 21296K, reserved 1067008K
  class space    used 2703K, capacity 2835K, committed 2864K, reserved 1048576K
}
Event: 43.013 GC heap before
{Heap before GC invocations=4 (full 1):
 PSYoungGen      total 76288K, used 65536K [0x000000076b400000, 0x0000000774900000, 0x00000007c0000000)
  eden space 65536K, 100% used [0x000000076b400000,0x000000076f400000,0x000000076f400000)
  from space 10752K, 0% used [0x000000076fe80000,0x000000076fe80000,0x0000000770900000)
  to   space 10752K, 0% used [0x000000076f400000,0x000000076f400000,0x000000076fe80000)
 ParOldGen       total 105472K, used 9059K [0x00000006c1c00000, 0x00000006c8300000, 0x000000076b400000)
  object space 105472K, 8% used [0x00000006c1c00000,0x00000006c24d8d28,0x00000006c8300000)
 Metaspace       used 30883K, capacity 32398K, committed 32432K, reserved 1077248K
  class space    used 4230K, capacity 4520K, committed 4528K, reserved 1048576K
Event: 43.024 GC heap after
Heap after GC invocations=4 (full 1):
 PSYoungGen      total 76288K, used 10719K [0x000000076b400000, 0x0000000772500000, 0x00000007c0000000)
  eden space 65536K, 0% used [0x000000076b400000,0x000000076b400000,0x000000076f400000)
  from space 10752K, 99% used [0x000000076f400000,0x000000076fe77de0,0x000000076fe80000)
  to   space 10752K, 0% used [0x0000000771a80000,0x0000000771a80000,0x0000000772500000)
 ParOldGen       total 105472K, used 9067K [0x00000006c1c00000, 0x00000006c8300000, 0x000000076b400000)
  object space 105472K, 8% used [0x00000006c1c00000,0x00000006c24dad28,0x00000006c8300000)
 Metaspace       used 30883K, capacity 32398K, committed 32432K, reserved 1077248K
  class space    used 4230K, capacity 4520K, committed 4528K, reserved 1048576K
}

