# JRE version: Java(TM) SE Runtime Environment (8.0_161-b12) (build 1.8.0_161-b12)
# Java VM: Java HotSpot(TM) 64-Bit Server VM (25.161-b12 mixed mode windows-amd64 compressed oops)
Heap:
 PSYoungGen      total 76288K, used 46363K [0x000000076b400000, 0x0000000774900000, 0x00000007c0000000)
  eden space 65536K, 70% used [0x000000076b400000,0x000000076e146d08,0x000000076f400000)
  from space 10752K, 0% used [0x000000076fe80000,0x000000076fe80000,0x0000000770900000)
  to   space 10752K, 0% used [0x000000076f400000,0x000000076f400000,0x000000076fe80000)
 ParOldGen       total 98816K, used 9053K [0x00000006c1c00000, 0x00000006c7c80000, 0x000000076b400000)
  object space 98816K, 9% used [0x00000006c1c00000,0x00000006c24d74c8,0x00000006c7c80000)
 Metaspace       used 29754K, capacity 31210K, committed 31408K, reserved 1077248K
  class space    used 4143K, capacity 4420K, committed 4528K, reserved 1048576K
GC Heap History (6 events):
Event: 2.169 GC heap before
{Heap before GC invocations=1 (full 0):
 PSYoungGen      total 76288K, used 65536K [0x000000076b400000, 0x0000000770900000, 0x00000007c0000000)
  eden space 65536K, 100% used [0x000000076b400000,0x000000076f400000,0x000000076f400000)
  from space 10752K, 0% used [0x000000076fe80000,0x000000076fe80000,0x0000000770900000)
  to   space 10752K, 0% used [0x000000076f400000,0x000000076f400000,0x000000076fe80000)
 ParOldGen       total 175104K, used 0K [0x00000006c1c00000, 0x00000006cc700000, 0x000000076b400000)
  object space 175104K, 0% used [0x00000006c1c00000,0x00000006c1c00000,0x00000006cc700000)
 Metaspace       used 16196K, capacity 16662K, committed 16896K, reserved 1064960K
  class space    used 2075K, capacity 2187K, committed 2304K, reserved 1048576K
Event: 2.182 GC heap after
Heap after GC invocations=1 (full 0):
 PSYoungGen      total 76288K, used 9092K [0x000000076b400000, 0x0000000770900000, 0x00000007c0000000)
  eden space 65536K, 0% used [0x000000076b400000,0x000000076b400000,0x000000076f400000)
  from space 10752K, 84% used [0x000000076f400000,0x000000076fce1218,0x000000076fe80000)
  to   space 10752K, 0% used [0x000000076fe80000,0x000000076fe80000,0x0000000770900000)
 ParOldGen       total 175104K, used 16K [0x00000006c1c00000, 0x00000006cc700000, 0x000000076b400000)
  object space 175104K, 0% used [0x00000006c1c00000,0x00000006c1c04000,0x00000006cc700000)
 Metaspace       used 16196K, capacity 16662K, committed 16896K, reserved 1064960K
  class space    used 2075K, capacity 2187K, committed 2304K, reserved 1048576K
}
Event: 2.490 GC heap before
{Heap before GC invocations=2 (full 0):
 PSYoungGen      total 76288K, used 35501K [0x000000076b400000, 0x0000000770900000, 0x00000007c0000000)
  eden space 65536K, 40% used [0x000000076b400000,0x000000076cdca2e0,0x000000076f400000)
  from space 10752K, 84% used [0x000000076f400000,0x000000076fce1218,0x000000076fe80000)
  to   space 10752K, 0% used [0x000000076fe80000,0x000000076fe80000,0x0000000770900000)
 ParOldGen       total 175104K, used 16K [0x00000006c1c00000, 0x00000006cc700000, 0x000000076b400000)
  object space 175104K, 0% used [0x00000006c1c00000,0x00000006c1c04000,0x00000006cc700000)
 Metaspace       used 20776K, capacity 21180K, committed 21296K, reserved 1067008K
  class space    used 2687K, capacity 2835K, committed 2864K, reserved 1048576K
Event: 2.505 GC heap after
Heap after GC invocations=2 (full 0):
 PSYoungGen      total 76288K, used 9295K [0x000000076b400000, 0x0000000774900000, 0x00000007c0000000)
  eden space 65536K, 0% used [0x000000076b400000,0x000000076b400000,0x000000076f400000)
  from space 10752K, 86% used [0x000000076fe80000,0x0000000770793e90,0x0000000770900000)
  to   space 10752K, 0% used [0x000000076f400000,0x000000076f400000,0x000000076fe80000)
 ParOldGen       total 175104K, used 88K [0x00000006c1c00000, 0x00000006cc700000, 0x000000076b400000)
  object space 175104K, 0% used [0x00000006c1c00000,0x00000006c1c16010,0x00000006cc700000)
 Metaspace       used 20776K, capacity 21180K, committed 21296K, reserved 1067008K
  class space    used 2687K, capacity 2835K, committed 2864K, reserved 1048576K
}
Event: 2.505 GC heap before
{Heap before GC invocations=3 (full 1):
 PSYoungGen      total 76288K, used 9295K [0x000000076b400000, 0x0000000774900000, 0x00000007c0000000)
  eden space 65536K, 0% used [0x000000076b400000,0x000000076b400000,0x000000076f400000)
  from space 10752K, 86% used [0x000000076fe80000,0x0000000770793e90,0x0000000770900000)
  to   space 10752K, 0% used [0x000000076f400000,0x000000076f400000,0x000000076fe80000)
 ParOldGen       total 175104K, used 88K [0x00000006c1c00000, 0x00000006cc700000, 0x000000076b400000)
  object space 175104K, 0% used [0x00000006c1c00000,0x00000006c1c16010,0x00000006cc700000)
 Metaspace       used 20776K, capacity 21180K, committed 21296K, reserved 1067008K
  class space    used 2687K, capacity 2835K, committed 2864K, reserved 1048576K
Event: 2.543 GC heap after
Heap after GC invocations=3 (full 1):
 PSYoungGen      total 76288K, used 0K [0x000000076b400000, 0x0000000774900000, 0x00000007c0000000)
  eden space 65536K, 0% used [0x000000076b400000,0x000000076b400000,0x000000076f400000)
  from space 10752K, 0% used [0x000000076fe80000,0x000000076fe80000,0x0000000770900000)
  to   space 10752K, 0% used [0x000000076f400000,0x000000076f400000,0x000000076fe80000)
 ParOldGen       total 98816K, used 9053K [0x00000006c1c00000, 0x00000006c7c80000, 0x000000076b400000)
  object space 98816K, 9% used [0x00000006c1c00000,0x00000006c24d74c8,0x00000006c7c80000)
 Metaspace       used 20776K, capacity 21180K, committed 21296K, reserved 1067008K
  class space    used 2687K, capacity 2835K, committed 2864K, reserved 1048576K
}

