# JRE version: Java(TM) SE Runtime Environment (8.0_161-b12) (build 1.8.0_161-b12)
# Java VM: Java HotSpot(TM) 64-Bit Server VM (25.161-b12 mixed mode windows-amd64 compressed oops)
Heap:
 PSYoungGen      total 76288K, used 47559K [0x000000076b400000, 0x0000000774900000, 0x00000007c0000000)
  eden space 65536K, 72% used [0x000000076b400000,0x000000076e271c58,0x000000076f400000)
  from space 10752K, 0% used [0x000000076fe80000,0x000000076fe80000,0x0000000770900000)
  to   space 10752K, 0% used [0x000000076f400000,0x000000076f400000,0x000000076fe80000)
 ParOldGen       total 105472K, used 9622K [0x00000006c1c00000, 0x00000006c8300000, 0x000000076b400000)
  object space 105472K, 9% used [0x00000006c1c00000,0x00000006c2565b38,0x00000006c8300000)
 Metaspace       used 31050K, capacity 32382K, committed 32512K, reserved 1077248K
  class space    used 4193K, capacity 4488K, committed 4608K, reserved 1048576K
GC Heap History (6 events):
Event: 3.784 GC heap before
{Heap before GC invocations=1 (full 0):
 PSYoungGen      total 76288K, used 65536K [0x000000076b400000, 0x0000000770900000, 0x00000007c0000000)
  eden space 65536K, 100% used [0x000000076b400000,0x000000076f400000,0x000000076f400000)
  from space 10752K, 0% used [0x000000076fe80000,0x000000076fe80000,0x0000000770900000)
  to   space 10752K, 0% used [0x000000076f400000,0x000000076f400000,0x000000076fe80000)
 ParOldGen       total 175104K, used 0K [0x00000006c1c00000, 0x00000006cc700000, 0x000000076b400000)
  object space 175104K, 0% used [0x00000006c1c00000,0x00000006c1c00000,0x00000006cc700000)
 Metaspace       used 16564K, capacity 16918K, committed 17152K, reserved 1064960K
  class space    used 2042K, capacity 2177K, committed 2304K, reserved 1048576K
Event: 3.800 GC heap after
Heap after GC invocations=1 (full 0):
 PSYoungGen      total 76288K, used 8938K [0x000000076b400000, 0x0000000770900000, 0x00000007c0000000)
  eden space 65536K, 0% used [0x000000076b400000,0x000000076b400000,0x000000076f400000)
  from space 10752K, 83% used [0x000000076f400000,0x000000076fcbaab0,0x000000076fe80000)
  to   space 10752K, 0% used [0x000000076fe80000,0x000000076fe80000,0x0000000770900000)
 ParOldGen       total 175104K, used 16K [0x00000006c1c00000, 0x00000006cc700000, 0x000000076b400000)
  object space 175104K, 0% used [0x00000006c1c00000,0x00000006c1c04000,0x00000006cc700000)
 Metaspace       used 16564K, capacity 16918K, committed 17152K, reserved 1064960K
  class space    used 2042K, capacity 2177K, committed 2304K, reserved 1048576K
}
Event: 4.535 GC heap before
{Heap before GC invocations=2 (full 0):
 PSYoungGen      total 76288K, used 43775K [0x000000076b400000, 0x0000000770900000, 0x00000007c0000000)
  eden space 65536K, 53% used [0x000000076b400000,0x000000076d6054b0,0x000000076f400000)
  from space 10752K, 83% used [0x000000076f400000,0x000000076fcbaab0,0x000000076fe80000)
  to   space 10752K, 0% used [0x000000076fe80000,0x000000076fe80000,0x0000000770900000)
 ParOldGen       total 175104K, used 16K [0x00000006c1c00000, 0x00000006cc700000, 0x000000076b400000)
  object space 175104K, 0% used [0x00000006c1c00000,0x00000006c1c04000,0x00000006cc700000)
 Metaspace       used 20579K, capacity 20990K, committed 21296K, reserved 1069056K
  class space    used 2487K, capacity 2605K, committed 2688K, reserved 1048576K
Event: 4.549 GC heap after
Heap after GC invocations=2 (full 0):
 PSYoungGen      total 76288K, used 9882K [0x000000076b400000, 0x0000000774900000, 0x00000007c0000000)
  eden space 65536K, 0% used [0x000000076b400000,0x000000076b400000,0x000000076f400000)
  from space 10752K, 91% used [0x000000076fe80000,0x0000000770826ba8,0x0000000770900000)
  to   space 10752K, 0% used [0x000000076f400000,0x000000076f400000,0x000000076fe80000)
 ParOldGen       total 175104K, used 24K [0x00000006c1c00000, 0x00000006cc700000, 0x000000076b400000)
  object space 175104K, 0% used [0x00000006c1c00000,0x00000006c1c06000,0x00000006cc700000)
 Metaspace       used 20579K, capacity 20990K, committed 21296K, reserved 1069056K
  class space    used 2487K, capacity 2605K, committed 2688K, reserved 1048576K
}
Event: 4.549 GC heap before
{Heap before GC invocations=3 (full 1):
 PSYoungGen      total 76288K, used 9882K [0x000000076b400000, 0x0000000774900000, 0x00000007c0000000)
  eden space 65536K, 0% used [0x000000076b400000,0x000000076b400000,0x000000076f400000)
  from space 10752K, 91% used [0x000000076fe80000,0x0000000770826ba8,0x0000000770900000)
  to   space 10752K, 0% used [0x000000076f400000,0x000000076f400000,0x000000076fe80000)
 ParOldGen       total 175104K, used 24K [0x00000006c1c00000, 0x00000006cc700000, 0x000000076b400000)
  object space 175104K, 0% used [0x00000006c1c00000,0x00000006c1c06000,0x00000006cc700000)
 Metaspace       used 20579K, capacity 20990K, committed 21296K, reserved 1069056K
  class space    used 2487K, capacity 2605K, committed 2688K, reserved 1048576K
Event: 4.590 GC heap after
Heap after GC invocations=3 (full 1):
 PSYoungGen      total 76288K, used 0K [0x000000076b400000, 0x0000000774900000, 0x00000007c0000000)
  eden space 65536K, 0% used [0x000000076b400000,0x000000076b400000,0x000000076f400000)
  from space 10752K, 0% used [0x000000076fe80000,0x000000076fe80000,0x0000000770900000)
  to   space 10752K, 0% used [0x000000076f400000,0x000000076f400000,0x000000076fe80000)
 ParOldGen       total 105472K, used 9622K [0x00000006c1c00000, 0x00000006c8300000, 0x000000076b400000)
  object space 105472K, 9% used [0x00000006c1c00000,0x00000006c2565b38,0x00000006c8300000)
 Metaspace       used 20579K, capacity 20990K, committed 21296K, reserved 1069056K
  class space    used 2487K, capacity 2605K, committed 2688K, reserved 1048576K
}

