# JRE version: Java(TM) SE Runtime Environment (8.0_161-b12) (build 1.8.0_161-b12)
# Java VM: Java HotSpot(TM) 64-Bit Server VM (25.161-b12 mixed mode windows-amd64 compressed oops)
Heap:
 PSYoungGen      total 76288K, used 44817K [0x000000076b400000, 0x0000000774900000, 0x00000007c0000000)
  eden space 65536K, 68% used [0x000000076b400000,0x000000076dfc4700,0x000000076f400000)
  from space 10752K, 0% used [0x000000076fe80000,0x000000076fe80000,0x0000000770900000)
  to   space 10752K, 0% used [0x000000076f400000,0x000000076f400000,0x000000076fe80000)
 ParOldGen       total 105984K, used 9060K [0x00000006c1c00000, 0x00000006c8380000, 0x000000076b400000)
  object space 105984K, 8% used [0x00000006c1c00000,0x00000006c24d9108,0x00000006c8380000)
 Metaspace       used 29659K, capacity 31130K, committed 31408K, reserved 1077248K
  class space    used 4140K, capacity 4410K, committed 4528K, reserved 1048576K
GC Heap History (6 events):
Event: 2.194 GC heap before
{Heap before GC invocations=1 (full 0):
 PSYoungGen      total 76288K, used 65536K [0x000000076b400000, 0x0000000770900000, 0x00000007c0000000)
  eden space 65536K, 100% used [0x000000076b400000,0x000000076f400000,0x000000076f400000)
  from space 10752K, 0% used [0x000000076fe80000,0x000000076fe80000,0x0000000770900000)
  to   space 10752K, 0% used [0x000000076f400000,0x000000076f400000,0x000000076fe80000)
 ParOldGen       total 175104K, used 0K [0x00000006c1c00000, 0x00000006cc700000, 0x000000076b400000)
  object space 175104K, 0% used [0x00000006c1c00000,0x00000006c1c00000,0x00000006cc700000)
 Metaspace       used 16174K, capacity 16598K, committed 16896K, reserved 1064960K
  class space    used 2076K, capacity 2187K, committed 2304K, reserved 1048576K
Event: 2.201 GC heap after
Heap after GC invocations=1 (full 0):
 PSYoungGen      total 76288K, used 9092K [0x000000076b400000, 0x0000000770900000, 0x00000007c0000000)
  eden space 65536K, 0% used [0x000000076b400000,0x000000076b400000,0x000000076f400000)
  from space 10752K, 84% used [0x000000076f400000,0x000000076fce11f8,0x000000076fe80000)
  to   space 10752K, 0% used [0x000000076fe80000,0x000000076fe80000,0x0000000770900000)
 ParOldGen       total 175104K, used 16K [0x00000006c1c00000, 0x00000006cc700000, 0x000000076b400000)
  object space 175104K, 0% used [0x00000006c1c00000,0x00000006c1c04000,0x00000006cc700000)
 Metaspace       used 16174K, capacity 16598K, committed 16896K, reserved 1064960K
  class space    used 2076K, capacity 2187K, committed 2304K, reserved 1048576K
}
Event: 2.512 GC heap before
{Heap before GC invocations=2 (full 0):
 PSYoungGen      total 76288K, used 36388K [0x000000076b400000, 0x0000000770900000, 0x00000007c0000000)
  eden space 65536K, 41% used [0x000000076b400000,0x000000076cea8078,0x000000076f400000)
  from space 10752K, 84% used [0x000000076f400000,0x000000076fce11f8,0x000000076fe80000)
  to   space 10752K, 0% used [0x000000076fe80000,0x000000076fe80000,0x0000000770900000)
 ParOldGen       total 175104K, used 16K [0x00000006c1c00000, 0x00000006cc700000, 0x000000076b400000)
  object space 175104K, 0% used [0x00000006c1c00000,0x00000006c1c04000,0x00000006cc700000)
 Metaspace       used 20827K, capacity 21180K, committed 21296K, reserved 1067008K
  class space    used 2703K, capacity 2835K, committed 2864K, reserved 1048576K
Event: 2.521 GC heap after
Heap after GC invocations=2 (full 0):
 PSYoungGen      total 76288K, used 9285K [0x000000076b400000, 0x0000000774900000, 0x00000007c0000000)
  eden space 65536K, 0% used [0x000000076b400000,0x000000076b400000,0x000000076f400000)
  from space 10752K, 86% used [0x000000076fe80000,0x0000000770791448,0x0000000770900000)
  to   space 10752K, 0% used [0x000000076f400000,0x000000076f400000,0x000000076fe80000)
 ParOldGen       total 175104K, used 88K [0x00000006c1c00000, 0x00000006cc700000, 0x000000076b400000)
  object space 175104K, 0% used [0x00000006c1c00000,0x00000006c1c16010,0x00000006cc700000)
 Metaspace       used 20827K, capacity 21180K, committed 21296K, reserved 1067008K
  class space    used 2703K, capacity 2835K, committed 2864K, reserved 1048576K
}
Event: 2.521 GC heap before
{Heap before GC invocations=3 (full 1):
 PSYoungGen      total 76288K, used 9285K [0x000000076b400000, 0x0000000774900000, 0x00000007c0000000)
  eden space 65536K, 0% used [0x000000076b400000,0x000000076b400000,0x000000076f400000)
  from space 10752K, 86% used [0x000000076fe80000,0x0000000770791448,0x0000000770900000)
  to   space 10752K, 0% used [0x000000076f400000,0x000000076f400000,0x000000076fe80000)
 ParOldGen       total 175104K, used 88K [0x00000006c1c00000, 0x00000006cc700000, 0x000000076b400000)
  object space 175104K, 0% used [0x00000006c1c00000,0x00000006c1c16010,0x00000006cc700000)
 Metaspace       used 20827K, capacity 21180K, committed 21296K, reserved 1067008K
  class space    used 2703K, capacity 2835K, committed 2864K, reserved 1048576K
Event: 2.557 GC heap after
Heap after GC invocations=3 (full 1):
 PSYoungGen      total 76288K, used 0K [0x000000076b400000, 0x0000000774900000, 0x00000007c0000000)
  eden space 65536K, 0% used [0x000000076b400000,0x000000076b400000,0x000000076f400000)
  from space 10752K, 0% used [0x000000076fe80000,0x000000076fe80000,0x0000000770900000)
  to   space 10752K, 0% used [0x000000076f400000,0x000000076f400000,0x000000076fe80000)
 ParOldGen       total 105984K, used 9060K [0x00000006c1c00000, 0x00000006c8380000, 0x000000076b400000)
  object space 105984K, 8% used [0x00000006c1c00000,0x00000006c24d9108,0x00000006c8380000)
 Metaspace       used 20827K, capacity 21180K, committed 21296K, reserved 1067008K
  class space    used 2703K, capacity 2835K, committed 2864K, reserved 1048576K
}

